[debug] [2022-01-31T21:09:43.563Z] ----------------------------------------------------------------------
[debug] [2022-01-31T21:09:43.565Z] Command:       C:\Program Files\nodejs\node.exe C:\Users\bhara\AppData\Roaming\npm\node_modules\firebase-tools\lib\bin\firebase.js emulators:start
[debug] [2022-01-31T21:09:43.566Z] CLI Version:   10.1.2
[debug] [2022-01-31T21:09:43.566Z] Platform:      win32
[debug] [2022-01-31T21:09:43.566Z] Node Version:  v14.15.4
[debug] [2022-01-31T21:09:43.567Z] Time:          Tue Feb 01 2022 02:39:43 GMT+0530 (India Standard Time)
[debug] [2022-01-31T21:09:43.567Z] ----------------------------------------------------------------------
[debug] 
[debug] [2022-01-31T21:09:43.642Z] > command requires scopes: ["email","openid","https://www.googleapis.com/auth/cloudplatformprojects.readonly","https://www.googleapis.com/auth/firebase","https://www.googleapis.com/auth/cloud-platform"]
[debug] [2022-01-31T21:09:43.642Z] > authorizing via signed-in user (bharathsampangi95@gmail.com)
[info] i  emulators: Starting emulators: functions, hosting {"metadata":{"emulator":{"name":"hub"},"message":"Starting emulators: functions, hosting"}}
[debug] [2022-01-31T21:09:43.672Z] [hub] writing locator at C:\Users\bhara\AppData\Local\Temp\hub-clone-b7fcb.json
[warn] !  functions: The following emulators are not running, calls to these services from the Functions emulator will affect production: auth, firestore, database, pubsub, storage {"metadata":{"emulator":{"name":"functions"},"message":"The following emulators are not running, calls to these services from the Functions emulator will affect production: \u001b[1mauth, firestore, database, pubsub, storage\u001b[22m"}}
[warn] !  Your requested "node" version "16" doesn't match your global version "14" {"metadata":{"emulator":{"name":"functions"},"message":"Your requested \"node\" version \"16\" doesn't match your global version \"14\""}}
[debug] [2022-01-31T21:09:43.712Z] defaultcredentials: writing to file C:\Users\bhara\AppData\Roaming\firebase\bharathsampangi95_gmail_com_application_default_credentials.json
[debug] [2022-01-31T21:09:43.717Z] Setting GAC to C:\Users\bhara\AppData\Roaming\firebase\bharathsampangi95_gmail_com_application_default_credentials.json {"metadata":{"emulator":{"name":"functions"},"message":"Setting GAC to C:\\Users\\bhara\\AppData\\Roaming\\firebase\\bharathsampangi95_gmail_com_application_default_credentials.json"}}
[debug] [2022-01-31T21:09:43.722Z] >>> [apiv2][query] GET https://firebase.googleapis.com/v1beta1/projects/clone-b7fcb/adminSdkConfig [none]
[debug] [2022-01-31T21:09:44.359Z] <<< [apiv2][status] GET https://firebase.googleapis.com/v1beta1/projects/clone-b7fcb/adminSdkConfig 200
[debug] [2022-01-31T21:09:44.360Z] <<< [apiv2][body] GET https://firebase.googleapis.com/v1beta1/projects/clone-b7fcb/adminSdkConfig {"projectId":"clone-b7fcb","storageBucket":"clone-b7fcb.appspot.com","locationId":"us-central"}
[debug] [2022-01-31T21:09:44.436Z] >>> [apiv2][query] GET https://firebasehosting.googleapis.com/v1beta1/projects/clone-b7fcb/sites 
[debug] [2022-01-31T21:09:45.957Z] <<< [apiv2][status] GET https://firebasehosting.googleapis.com/v1beta1/projects/clone-b7fcb/sites 200
[debug] [2022-01-31T21:09:45.957Z] <<< [apiv2][body] GET https://firebasehosting.googleapis.com/v1beta1/projects/clone-b7fcb/sites {"sites":[{"name":"projects/902639847873/sites/clone-b7fcb","defaultUrl":"https://clone-b7fcb.web.app","appId":"1:902639847873:web:476a9a0c81b5f7f81a4740","type":"DEFAULT_SITE"}]}
[debug] [2022-01-31T21:09:45.958Z] >>> [apiv2][query] GET https://firebase.googleapis.com/v1beta1/projects/clone-b7fcb/webApps/1:902639847873:web:476a9a0c81b5f7f81a4740/config [none]
[debug] [2022-01-31T21:09:48.020Z] <<< [apiv2][status] GET https://firebase.googleapis.com/v1beta1/projects/clone-b7fcb/webApps/1:902639847873:web:476a9a0c81b5f7f81a4740/config 200
[debug] [2022-01-31T21:09:48.021Z] <<< [apiv2][body] GET https://firebase.googleapis.com/v1beta1/projects/clone-b7fcb/webApps/1:902639847873:web:476a9a0c81b5f7f81a4740/config {"projectId":"clone-b7fcb","appId":"1:902639847873:web:476a9a0c81b5f7f81a4740","storageBucket":"clone-b7fcb.appspot.com","locationId":"us-central","apiKey":"AIzaSyAVjVHebiExpW1FpdPVX6JqkKv2m-PdOgQ","authDomain":"clone-b7fcb.firebaseapp.com","messagingSenderId":"902639847873","measurementId":"G-EFZLN2S2MX"}
[info] i  hosting: Serving hosting files from: build {"metadata":{"emulator":{"name":"hosting"},"message":"Serving hosting files from: \u001b[1mbuild\u001b[22m"}}
[info] +  hosting: Local server: http://localhost:5000 {"metadata":{"emulator":{"name":"hosting"},"message":"Local server: \u001b[4m\u001b[1mhttp://localhost:5000\u001b[22m\u001b[24m"}}
[warn] !  ui: Emulator UI unable to start on port 4000, starting on 4001 instead. {"metadata":{"emulator":{"name":"ui"},"message":"Emulator UI unable to start on port 4000, starting on 4001 instead."}}
[debug] [2022-01-31T21:09:48.201Z] Ignoring unsupported arg: auto_download {"metadata":{"emulator":{"name":"ui"},"message":"Ignoring unsupported arg: auto_download"}}
[debug] [2022-01-31T21:09:48.202Z] Ignoring unsupported arg: port {"metadata":{"emulator":{"name":"ui"},"message":"Ignoring unsupported arg: port"}}
[debug] [2022-01-31T21:09:48.202Z] Starting Emulator UI with command {"binary":"node","args":["C:\\Users\\bhara\\.cache\\firebase\\emulators\\ui-v1.6.4\\server.bundle.js"],"optionalArgs":[],"joinArgs":false} {"metadata":{"emulator":{"name":"ui"},"message":"Starting Emulator UI with command {\"binary\":\"node\",\"args\":[\"C:\\\\Users\\\\bhara\\\\.cache\\\\firebase\\\\emulators\\\\ui-v1.6.4\\\\server.bundle.js\"],\"optionalArgs\":[],\"joinArgs\":false}"}}
[info] i  ui: Emulator UI logging to ui-debug.log {"metadata":{"emulator":{"name":"ui"},"message":"Emulator UI logging to \u001b[1mui-debug.log\u001b[22m"}}
[debug] [2022-01-31T21:09:48.409Z] Web / API server started at localhost:4001
 {"metadata":{"emulator":{"name":"ui"},"message":"Web / API server started at localhost:4001\n"}}
[info] i  functions: Watching "C:\Users\bhara\full-stack\amazon-clone\functions" for Cloud Functions... {"metadata":{"emulator":{"name":"functions"},"message":"Watching \"C:\\Users\\bhara\\full-stack\\amazon-clone\\functions\" for Cloud Functions..."}}
[debug] [2022-01-31T21:09:48.538Z] [worker-pool] addWorker(~diagnostic~) {"metadata":{"emulator":{"name":"functions"},"message":"[worker-pool] addWorker(~diagnostic~)"}}
[debug] [2022-01-31T21:09:48.539Z] [worker-pool] Adding worker with key ~diagnostic~, total=1 {"metadata":{"emulator":{"name":"functions"},"message":"[worker-pool] Adding worker with key ~diagnostic~, total=1"}}
[debug] [2022-01-31T21:09:48.539Z] [worker-pool] submitWork(triggerId=) {"metadata":{"emulator":{"name":"functions"},"message":"[worker-pool] submitWork(triggerId=)"}}
[debug] [2022-01-31T21:09:48.540Z] [worker-~diagnostic~-d633459c-b205-41b4-82b2-0c34f4b25a4d]: Assigning socketPath: \\?\pipe\C:\Users\bhara\full-stack\amazon-clone\functions\12404 {"metadata":{"emulator":{"name":"functions"},"message":"[worker-~diagnostic~-d633459c-b205-41b4-82b2-0c34f4b25a4d]: Assigning socketPath: \\\\?\\pipe\\C:\\Users\\bhara\\full-stack\\amazon-clone\\functions\\12404"}}
[debug] [2022-01-31T21:09:48.541Z] [worker-~diagnostic~-d633459c-b205-41b4-82b2-0c34f4b25a4d]: BUSY {"metadata":{"emulator":{"name":"functions"},"message":"[worker-~diagnostic~-d633459c-b205-41b4-82b2-0c34f4b25a4d]: BUSY"}}
[debug] [2022-01-31T21:09:48.859Z] [runtime-status] [12404] Functions runtime initialized. {"cwd":"C:\\Users\\bhara\\full-stack\\amazon-clone\\functions","node_version":"14.15.4"} {"metadata":{"emulator":{"name":"functions"},"message":"[runtime-status] [12404] Functions runtime initialized. {\"cwd\":\"C:\\\\Users\\\\bhara\\\\full-stack\\\\amazon-clone\\\\functions\",\"node_version\":\"14.15.4\"}"}}
[debug] [2022-01-31T21:09:48.860Z] [runtime-status] [12404] Disabled runtime features: undefined {"metadata":{"emulator":{"name":"functions"},"message":"[runtime-status] [12404] Disabled runtime features: undefined"}}
[debug] [2022-01-31T21:09:48.864Z] [runtime-status] [12404] Resolved module firebase-admin {"declared":true,"installed":true,"version":"9.12.0","resolution":"C:\\Users\\bhara\\full-stack\\amazon-clone\\functions\\node_modules\\firebase-admin\\lib\\index.js"} {"metadata":{"emulator":{"name":"functions"},"message":"[runtime-status] [12404] Resolved module firebase-admin {\"declared\":true,\"installed\":true,\"version\":\"9.12.0\",\"resolution\":\"C:\\\\Users\\\\bhara\\\\full-stack\\\\amazon-clone\\\\functions\\\\node_modules\\\\firebase-admin\\\\lib\\\\index.js\"}"}}
[debug] [2022-01-31T21:09:48.868Z] [runtime-status] [12404] Resolved module firebase-functions {"declared":true,"installed":true,"version":"3.16.0","resolution":"C:\\Users\\bhara\\full-stack\\amazon-clone\\functions\\node_modules\\firebase-functions\\lib\\index.js"} {"metadata":{"emulator":{"name":"functions"},"message":"[runtime-status] [12404] Resolved module firebase-functions {\"declared\":true,\"installed\":true,\"version\":\"3.16.0\",\"resolution\":\"C:\\\\Users\\\\bhara\\\\full-stack\\\\amazon-clone\\\\functions\\\\node_modules\\\\firebase-functions\\\\lib\\\\index.js\"}"}}
[debug] [2022-01-31T21:09:48.871Z] [runtime-status] [12404] Outgoing network have been stubbed. [{"name":"http","status":"mocked"},{"name":"http","status":"mocked"},{"name":"https","status":"mocked"},{"name":"https","status":"mocked"},{"name":"net","status":"mocked"}] {"metadata":{"emulator":{"name":"functions"},"message":"[runtime-status] [12404] Outgoing network have been stubbed. [{\"name\":\"http\",\"status\":\"mocked\"},{\"name\":\"http\",\"status\":\"mocked\"},{\"name\":\"https\",\"status\":\"mocked\"},{\"name\":\"https\",\"status\":\"mocked\"},{\"name\":\"net\",\"status\":\"mocked\"}]"}}
[debug] [2022-01-31T21:09:48.873Z] [runtime-status] [12404] Resolved module firebase-functions {"declared":true,"installed":true,"version":"3.16.0","resolution":"C:\\Users\\bhara\\full-stack\\amazon-clone\\functions\\node_modules\\firebase-functions\\lib\\index.js"} {"metadata":{"emulator":{"name":"functions"},"message":"[runtime-status] [12404] Resolved module firebase-functions {\"declared\":true,\"installed\":true,\"version\":\"3.16.0\",\"resolution\":\"C:\\\\Users\\\\bhara\\\\full-stack\\\\amazon-clone\\\\functions\\\\node_modules\\\\firebase-functions\\\\lib\\\\index.js\"}"}}
[debug] [2022-01-31T21:09:48.960Z] [runtime-status] [12404] Checked functions.config() {"config":{}} {"metadata":{"emulator":{"name":"functions"},"message":"[runtime-status] [12404] Checked functions.config() {\"config\":{}}"}}
[debug] [2022-01-31T21:09:48.961Z] [runtime-status] [12404] firebase-functions has been stubbed. {"functionsResolution":{"declared":true,"installed":true,"version":"3.16.0","resolution":"C:\\Users\\bhara\\full-stack\\amazon-clone\\functions\\node_modules\\firebase-functions\\lib\\index.js"}} {"metadata":{"emulator":{"name":"functions"},"message":"[runtime-status] [12404] firebase-functions has been stubbed. {\"functionsResolution\":{\"declared\":true,\"installed\":true,\"version\":\"3.16.0\",\"resolution\":\"C:\\\\Users\\\\bhara\\\\full-stack\\\\amazon-clone\\\\functions\\\\node_modules\\\\firebase-functions\\\\lib\\\\index.js\"}}"}}
[debug] [2022-01-31T21:09:48.968Z] [runtime-status] [12404] Resolved module firebase-functions {"declared":true,"installed":true,"version":"3.16.0","resolution":"C:\\Users\\bhara\\full-stack\\amazon-clone\\functions\\node_modules\\firebase-functions\\lib\\index.js"} {"metadata":{"emulator":{"name":"functions"},"message":"[runtime-status] [12404] Resolved module firebase-functions {\"declared\":true,\"installed\":true,\"version\":\"3.16.0\",\"resolution\":\"C:\\\\Users\\\\bhara\\\\full-stack\\\\amazon-clone\\\\functions\\\\node_modules\\\\firebase-functions\\\\lib\\\\index.js\"}"}}
[debug] [2022-01-31T21:09:48.970Z] [runtime-status] [12404] Resolved module firebase-admin {"declared":true,"installed":true,"version":"9.12.0","resolution":"C:\\Users\\bhara\\full-stack\\amazon-clone\\functions\\node_modules\\firebase-admin\\lib\\index.js"} {"metadata":{"emulator":{"name":"functions"},"message":"[runtime-status] [12404] Resolved module firebase-admin {\"declared\":true,\"installed\":true,\"version\":\"9.12.0\",\"resolution\":\"C:\\\\Users\\\\bhara\\\\full-stack\\\\amazon-clone\\\\functions\\\\node_modules\\\\firebase-admin\\\\lib\\\\index.js\"}"}}
[debug] [2022-01-31T21:09:48.971Z] [runtime-status] [12404] Resolved module firebase-functions {"declared":true,"installed":true,"version":"3.16.0","resolution":"C:\\Users\\bhara\\full-stack\\amazon-clone\\functions\\node_modules\\firebase-functions\\lib\\index.js"} {"metadata":{"emulator":{"name":"functions"},"message":"[runtime-status] [12404] Resolved module firebase-functions {\"declared\":true,\"installed\":true,\"version\":\"3.16.0\",\"resolution\":\"C:\\\\Users\\\\bhara\\\\full-stack\\\\amazon-clone\\\\functions\\\\node_modules\\\\firebase-functions\\\\lib\\\\index.js\"}"}}
[debug] [2022-01-31T21:09:48.971Z] [runtime-status] [12404] firebase-admin has been stubbed. {"adminResolution":{"declared":true,"installed":true,"version":"9.12.0","resolution":"C:\\Users\\bhara\\full-stack\\amazon-clone\\functions\\node_modules\\firebase-admin\\lib\\index.js"}} {"metadata":{"emulator":{"name":"functions"},"message":"[runtime-status] [12404] firebase-admin has been stubbed. {\"adminResolution\":{\"declared\":true,\"installed\":true,\"version\":\"9.12.0\",\"resolution\":\"C:\\\\Users\\\\bhara\\\\full-stack\\\\amazon-clone\\\\functions\\\\node_modules\\\\firebase-admin\\\\lib\\\\index.js\"}}"}}
[info] +  functions[us-central1-api]: http function initialized (http://localhost:5001/clone-b7fcb/us-central1/api). {"metadata":{"emulator":{"name":"functions"},"message":"\u001b[1mhttp\u001b[22m function initialized (http://localhost:5001/clone-b7fcb/us-central1/api)."}}
[info] 
┌─────────────────────────────────────────────────────────────┐
│ ✔  All emulators ready! It is now safe to connect your app. │
│ i  View Emulator UI at http://localhost:4001                │
└─────────────────────────────────────────────────────────────┘

┌───────────┬────────────────┬─────────────────────────────────┐
│ Emulator  │ Host:Port      │ View in Emulator UI             │
├───────────┼────────────────┼─────────────────────────────────┤
│ Functions │ localhost:5001 │ http://localhost:4001/functions │
├───────────┼────────────────┼─────────────────────────────────┤
│ Hosting   │ localhost:5000 │ n/a                             │
└───────────┴────────────────┴─────────────────────────────────┘
  Emulator Hub running at localhost:4400
  Other reserved ports: 4500

Issues? Report them at https://github.com/firebase/firebase-tools/issues and attach the *-debug.log files.
 
[debug] [2022-01-31T21:09:49.289Z] [worker-~diagnostic~-d633459c-b205-41b4-82b2-0c34f4b25a4d]: IDLE {"metadata":{"emulator":{"name":"functions"},"message":"[worker-~diagnostic~-d633459c-b205-41b4-82b2-0c34f4b25a4d]: IDLE"}}
[debug] [2022-01-31T21:10:21.714Z] [work-queue] {"queueLength":1,"workRunningCount":0}
[debug] [2022-01-31T21:10:21.715Z] [work-queue] {"queueLength":0,"workRunningCount":1}
[debug] [2022-01-31T21:10:21.716Z] Accepted request POST /clone-b7fcb/us-central1/api/payments/create?total=1196&id=pm_1KO78hLjmajf1h3dv70OqatR --> us-central1-api
[debug] [2022-01-31T21:10:21.729Z] [worker-pool] addWorker(us-central1-api) {"metadata":{"emulator":{"name":"functions"},"message":"[worker-pool] addWorker(us-central1-api)"}}
[debug] [2022-01-31T21:10:21.729Z] [worker-pool] Adding worker with key us-central1-api, total=1 {"metadata":{"emulator":{"name":"functions"},"message":"[worker-pool] Adding worker with key us-central1-api, total=1"}}
[debug] [2022-01-31T21:10:21.730Z] [worker-pool] submitWork(triggerId=us-central1-api) {"metadata":{"emulator":{"name":"functions"},"message":"[worker-pool] submitWork(triggerId=us-central1-api)"}}
[debug] [2022-01-31T21:10:21.730Z] [worker-us-central1-api-4aa4acfa-b037-4be7-b9ff-91637d4270b1]: Assigning socketPath: \\?\pipe\C:\Users\bhara\full-stack\amazon-clone\functions\9480 {"metadata":{"emulator":{"name":"functions"},"message":"[worker-us-central1-api-4aa4acfa-b037-4be7-b9ff-91637d4270b1]: Assigning socketPath: \\\\?\\pipe\\C:\\Users\\bhara\\full-stack\\amazon-clone\\functions\\9480"}}
[debug] [2022-01-31T21:10:21.730Z] [worker-us-central1-api-4aa4acfa-b037-4be7-b9ff-91637d4270b1]: BUSY {"metadata":{"emulator":{"name":"functions"},"message":"[worker-us-central1-api-4aa4acfa-b037-4be7-b9ff-91637d4270b1]: BUSY"}}
[debug] [2022-01-31T21:10:21.986Z] [runtime-status] [9480] Functions runtime initialized. {"cwd":"C:\\Users\\bhara\\full-stack\\amazon-clone\\functions","node_version":"14.15.4"} {"metadata":{"emulator":{"name":"functions"},"function":{"name":"us-central1-api"},"message":"[runtime-status] [9480] Functions runtime initialized. {\"cwd\":\"C:\\\\Users\\\\bhara\\\\full-stack\\\\amazon-clone\\\\functions\",\"node_version\":\"14.15.4\"}"}}
[debug] [2022-01-31T21:10:21.988Z] [runtime-status] [9480] Disabled runtime features: undefined {"metadata":{"emulator":{"name":"functions"},"function":{"name":"us-central1-api"},"message":"[runtime-status] [9480] Disabled runtime features: undefined"}}
[debug] [2022-01-31T21:10:21.992Z] [runtime-status] [9480] Resolved module firebase-admin {"declared":true,"installed":true,"version":"9.12.0","resolution":"C:\\Users\\bhara\\full-stack\\amazon-clone\\functions\\node_modules\\firebase-admin\\lib\\index.js"} {"metadata":{"emulator":{"name":"functions"},"function":{"name":"us-central1-api"},"message":"[runtime-status] [9480] Resolved module firebase-admin {\"declared\":true,\"installed\":true,\"version\":\"9.12.0\",\"resolution\":\"C:\\\\Users\\\\bhara\\\\full-stack\\\\amazon-clone\\\\functions\\\\node_modules\\\\firebase-admin\\\\lib\\\\index.js\"}"}}
[debug] [2022-01-31T21:10:21.996Z] [runtime-status] [9480] Resolved module firebase-functions {"declared":true,"installed":true,"version":"3.16.0","resolution":"C:\\Users\\bhara\\full-stack\\amazon-clone\\functions\\node_modules\\firebase-functions\\lib\\index.js"} {"metadata":{"emulator":{"name":"functions"},"function":{"name":"us-central1-api"},"message":"[runtime-status] [9480] Resolved module firebase-functions {\"declared\":true,\"installed\":true,\"version\":\"3.16.0\",\"resolution\":\"C:\\\\Users\\\\bhara\\\\full-stack\\\\amazon-clone\\\\functions\\\\node_modules\\\\firebase-functions\\\\lib\\\\index.js\"}"}}
[debug] [2022-01-31T21:10:21.998Z] [runtime-status] [9480] Outgoing network have been stubbed. [{"name":"http","status":"mocked"},{"name":"http","status":"mocked"},{"name":"https","status":"mocked"},{"name":"https","status":"mocked"},{"name":"net","status":"mocked"}] {"metadata":{"emulator":{"name":"functions"},"function":{"name":"us-central1-api"},"message":"[runtime-status] [9480] Outgoing network have been stubbed. [{\"name\":\"http\",\"status\":\"mocked\"},{\"name\":\"http\",\"status\":\"mocked\"},{\"name\":\"https\",\"status\":\"mocked\"},{\"name\":\"https\",\"status\":\"mocked\"},{\"name\":\"net\",\"status\":\"mocked\"}]"}}
[debug] [2022-01-31T21:10:22.000Z] [runtime-status] [9480] Resolved module firebase-functions {"declared":true,"installed":true,"version":"3.16.0","resolution":"C:\\Users\\bhara\\full-stack\\amazon-clone\\functions\\node_modules\\firebase-functions\\lib\\index.js"} {"metadata":{"emulator":{"name":"functions"},"function":{"name":"us-central1-api"},"message":"[runtime-status] [9480] Resolved module firebase-functions {\"declared\":true,\"installed\":true,\"version\":\"3.16.0\",\"resolution\":\"C:\\\\Users\\\\bhara\\\\full-stack\\\\amazon-clone\\\\functions\\\\node_modules\\\\firebase-functions\\\\lib\\\\index.js\"}"}}
[debug] [2022-01-31T21:10:22.066Z] [runtime-status] [9480] Checked functions.config() {"config":{}} {"metadata":{"emulator":{"name":"functions"},"function":{"name":"us-central1-api"},"message":"[runtime-status] [9480] Checked functions.config() {\"config\":{}}"}}
[debug] [2022-01-31T21:10:22.067Z] [runtime-status] [9480] firebase-functions has been stubbed. {"functionsResolution":{"declared":true,"installed":true,"version":"3.16.0","resolution":"C:\\Users\\bhara\\full-stack\\amazon-clone\\functions\\node_modules\\firebase-functions\\lib\\index.js"}} {"metadata":{"emulator":{"name":"functions"},"function":{"name":"us-central1-api"},"message":"[runtime-status] [9480] firebase-functions has been stubbed. {\"functionsResolution\":{\"declared\":true,\"installed\":true,\"version\":\"3.16.0\",\"resolution\":\"C:\\\\Users\\\\bhara\\\\full-stack\\\\amazon-clone\\\\functions\\\\node_modules\\\\firebase-functions\\\\lib\\\\index.js\"}}"}}
[debug] [2022-01-31T21:10:22.068Z] [runtime-status] [9480] Resolved module firebase-functions {"declared":true,"installed":true,"version":"3.16.0","resolution":"C:\\Users\\bhara\\full-stack\\amazon-clone\\functions\\node_modules\\firebase-functions\\lib\\index.js"} {"metadata":{"emulator":{"name":"functions"},"function":{"name":"us-central1-api"},"message":"[runtime-status] [9480] Resolved module firebase-functions {\"declared\":true,\"installed\":true,\"version\":\"3.16.0\",\"resolution\":\"C:\\\\Users\\\\bhara\\\\full-stack\\\\amazon-clone\\\\functions\\\\node_modules\\\\firebase-functions\\\\lib\\\\index.js\"}"}}
[debug] [2022-01-31T21:10:22.070Z] [runtime-status] [9480] Resolved module firebase-admin {"declared":true,"installed":true,"version":"9.12.0","resolution":"C:\\Users\\bhara\\full-stack\\amazon-clone\\functions\\node_modules\\firebase-admin\\lib\\index.js"} {"metadata":{"emulator":{"name":"functions"},"function":{"name":"us-central1-api"},"message":"[runtime-status] [9480] Resolved module firebase-admin {\"declared\":true,\"installed\":true,\"version\":\"9.12.0\",\"resolution\":\"C:\\\\Users\\\\bhara\\\\full-stack\\\\amazon-clone\\\\functions\\\\node_modules\\\\firebase-admin\\\\lib\\\\index.js\"}"}}
[debug] [2022-01-31T21:10:22.071Z] [runtime-status] [9480] Resolved module firebase-functions {"declared":true,"installed":true,"version":"3.16.0","resolution":"C:\\Users\\bhara\\full-stack\\amazon-clone\\functions\\node_modules\\firebase-functions\\lib\\index.js"} {"metadata":{"emulator":{"name":"functions"},"function":{"name":"us-central1-api"},"message":"[runtime-status] [9480] Resolved module firebase-functions {\"declared\":true,\"installed\":true,\"version\":\"3.16.0\",\"resolution\":\"C:\\\\Users\\\\bhara\\\\full-stack\\\\amazon-clone\\\\functions\\\\node_modules\\\\firebase-functions\\\\lib\\\\index.js\"}"}}
[debug] [2022-01-31T21:10:22.072Z] [runtime-status] [9480] firebase-admin has been stubbed. {"adminResolution":{"declared":true,"installed":true,"version":"9.12.0","resolution":"C:\\Users\\bhara\\full-stack\\amazon-clone\\functions\\node_modules\\firebase-admin\\lib\\index.js"}} {"metadata":{"emulator":{"name":"functions"},"function":{"name":"us-central1-api"},"message":"[runtime-status] [9480] firebase-admin has been stubbed. {\"adminResolution\":{\"declared\":true,\"installed\":true,\"version\":\"9.12.0\",\"resolution\":\"C:\\\\Users\\\\bhara\\\\full-stack\\\\amazon-clone\\\\functions\\\\node_modules\\\\firebase-admin\\\\lib\\\\index.js\"}}"}}
[debug] [2022-01-31T21:10:22.297Z] [runtime-status] [9480] Trigger "us-central1-api" has been found, beginning invocation! {"metadata":{"emulator":{"name":"functions"},"function":{"name":"us-central1-api"},"message":"[runtime-status] [9480] Trigger \"us-central1-api\" has been found, beginning invocation!"}}
[info] i  functions: Beginning execution of "us-central1-api" {"metadata":{"emulator":{"name":"functions"},"function":{"name":"us-central1-api"},"message":"Beginning execution of \"us-central1-api\""}}
[debug] [2022-01-31T21:10:22.299Z] [runtime-status] [9480] triggerDefinition {"httpsTrigger":{},"name":"api","entryPoint":"api","regions":["us-central1"],"region":"us-central1","id":"us-central1-api","platform":"gcfv1"} {"metadata":{"emulator":{"name":"functions"},"function":{"name":"us-central1-api"},"message":"[runtime-status] [9480] triggerDefinition {\"httpsTrigger\":{},\"name\":\"api\",\"entryPoint\":\"api\",\"regions\":[\"us-central1\"],\"region\":\"us-central1\",\"id\":\"us-central1-api\",\"platform\":\"gcfv1\"}"}}
[debug] [2022-01-31T21:10:22.300Z] [runtime-status] [9480] Running us-central1-api in signature http {"metadata":{"emulator":{"name":"functions"},"function":{"name":"us-central1-api"},"message":"[runtime-status] [9480] Running us-central1-api in signature http"}}
[debug] [2022-01-31T21:10:22.304Z] [runtime-status] [9480] Attempting to listen to socketPath: \\?\pipe\C:\Users\bhara\full-stack\amazon-clone\functions\9480 {"metadata":{"emulator":{"name":"functions"},"function":{"name":"us-central1-api"},"message":"[runtime-status] [9480] Attempting to listen to socketPath: \\\\?\\pipe\\C:\\Users\\bhara\\full-stack\\amazon-clone\\functions\\9480"}}
[debug] [2022-01-31T21:10:22.309Z] [functions] Runtime ready! Sending request! {"metadata":{"emulator":{"name":"functions"},"message":"[functions] Runtime ready! Sending request!"}}
[debug] [2022-01-31T21:10:22.310Z] [functions] Got req.url=/clone-b7fcb/us-central1/api/payments/create?total=1196&id=pm_1KO78hLjmajf1h3dv70OqatR, mapping to path=/payments/create?total=1196&id=pm_1KO78hLjmajf1h3dv70OqatR {"metadata":{"emulator":{"name":"functions"},"message":"[functions] Got req.url=/clone-b7fcb/us-central1/api/payments/create?total=1196&id=pm_1KO78hLjmajf1h3dv70OqatR, mapping to path=/payments/create?total=1196&id=pm_1KO78hLjmajf1h3dv70OqatR"}}
[debug] [2022-01-31T21:10:22.324Z] [runtime-status] [9480] Ephemeral server handling POST request {"metadata":{"emulator":{"name":"functions"},"function":{"name":"us-central1-api"},"message":"[runtime-status] [9480] Ephemeral server handling POST request"}}
[info] >  Payment Request Recieved BOOM!!! for this amount >>> 1196 {"user":"Payment Request Recieved BOOM!!! for this amount >>> 1196","metadata":{"emulator":{"name":"functions"},"function":{"name":"us-central1-api"},"message":"\u001b[90m> \u001b[39m Payment Request Recieved BOOM!!! for this amount >>> 1196"}}
[debug] [2022-01-31T21:10:22.352Z] [runtime-status] [9480] Ephemeral server survived. {"metadata":{"emulator":{"name":"functions"},"function":{"name":"us-central1-api"},"message":"[runtime-status] [9480] Ephemeral server survived."}}
[info] i  functions: Finished "us-central1-api" in ~1s {"metadata":{"emulator":{"name":"functions"},"function":{"name":"us-central1-api"},"message":"Finished \"us-central1-api\" in ~1s"}}
[debug] [2022-01-31T21:10:23.079Z] [worker-us-central1-api-4aa4acfa-b037-4be7-b9ff-91637d4270b1]: IDLE {"metadata":{"emulator":{"name":"functions"},"message":"[worker-us-central1-api-4aa4acfa-b037-4be7-b9ff-91637d4270b1]: IDLE"}}
[debug] [2022-01-31T21:10:23.080Z] [work-queue] {"queueLength":0,"workRunningCount":0}
[debug] [2022-01-31T21:11:36.581Z] [work-queue] {"queueLength":1,"workRunningCount":0}
[debug] [2022-01-31T21:11:36.581Z] [work-queue] {"queueLength":0,"workRunningCount":1}
[debug] [2022-01-31T21:11:36.581Z] Accepted request POST /clone-b7fcb/us-central1/api/payments/create?total=59899&id=pm_1KO79uLjmajf1h3dfTYtBjyU --> us-central1-api
[debug] [2022-01-31T21:11:36.582Z] [worker-pool] submitWork(triggerId=us-central1-api) {"metadata":{"emulator":{"name":"functions"},"message":"[worker-pool] submitWork(triggerId=us-central1-api)"}}
[debug] [2022-01-31T21:11:36.582Z] [worker-us-central1-api-4aa4acfa-b037-4be7-b9ff-91637d4270b1]: Assigning socketPath: \\?\pipe\C:\Users\bhara\full-stack\amazon-clone\functions\9480 {"metadata":{"emulator":{"name":"functions"},"message":"[worker-us-central1-api-4aa4acfa-b037-4be7-b9ff-91637d4270b1]: Assigning socketPath: \\\\?\\pipe\\C:\\Users\\bhara\\full-stack\\amazon-clone\\functions\\9480"}}
[debug] [2022-01-31T21:11:36.582Z] [worker-us-central1-api-4aa4acfa-b037-4be7-b9ff-91637d4270b1]: BUSY {"metadata":{"emulator":{"name":"functions"},"message":"[worker-us-central1-api-4aa4acfa-b037-4be7-b9ff-91637d4270b1]: BUSY"}}
[debug] [2022-01-31T21:11:36.584Z] [runtime-status] [9480] Trigger "us-central1-api" has been found, beginning invocation! {"metadata":{"emulator":{"name":"functions"},"function":{"name":"us-central1-api"},"message":"[runtime-status] [9480] Trigger \"us-central1-api\" has been found, beginning invocation!"}}
[info] i  functions: Beginning execution of "us-central1-api" {"metadata":{"emulator":{"name":"functions"},"function":{"name":"us-central1-api"},"message":"Beginning execution of \"us-central1-api\""}}
[debug] [2022-01-31T21:11:36.585Z] [runtime-status] [9480] triggerDefinition {"httpsTrigger":{},"name":"api","entryPoint":"api","regions":["us-central1"],"region":"us-central1","id":"us-central1-api","platform":"gcfv1"} {"metadata":{"emulator":{"name":"functions"},"function":{"name":"us-central1-api"},"message":"[runtime-status] [9480] triggerDefinition {\"httpsTrigger\":{},\"name\":\"api\",\"entryPoint\":\"api\",\"regions\":[\"us-central1\"],\"region\":\"us-central1\",\"id\":\"us-central1-api\",\"platform\":\"gcfv1\"}"}}
[debug] [2022-01-31T21:11:36.586Z] [runtime-status] [9480] Running us-central1-api in signature http {"metadata":{"emulator":{"name":"functions"},"function":{"name":"us-central1-api"},"message":"[runtime-status] [9480] Running us-central1-api in signature http"}}
[debug] [2022-01-31T21:11:36.587Z] [runtime-status] [9480] Attempting to listen to socketPath: \\?\pipe\C:\Users\bhara\full-stack\amazon-clone\functions\9480 {"metadata":{"emulator":{"name":"functions"},"function":{"name":"us-central1-api"},"message":"[runtime-status] [9480] Attempting to listen to socketPath: \\\\?\\pipe\\C:\\Users\\bhara\\full-stack\\amazon-clone\\functions\\9480"}}
[debug] [2022-01-31T21:11:36.588Z] [functions] Runtime ready! Sending request! {"metadata":{"emulator":{"name":"functions"},"message":"[functions] Runtime ready! Sending request!"}}
[debug] [2022-01-31T21:11:36.589Z] [functions] Got req.url=/clone-b7fcb/us-central1/api/payments/create?total=59899&id=pm_1KO79uLjmajf1h3dfTYtBjyU, mapping to path=/payments/create?total=59899&id=pm_1KO79uLjmajf1h3dfTYtBjyU {"metadata":{"emulator":{"name":"functions"},"message":"[functions] Got req.url=/clone-b7fcb/us-central1/api/payments/create?total=59899&id=pm_1KO79uLjmajf1h3dfTYtBjyU, mapping to path=/payments/create?total=59899&id=pm_1KO79uLjmajf1h3dfTYtBjyU"}}
[debug] [2022-01-31T21:11:36.593Z] [runtime-status] [9480] Ephemeral server handling POST request {"metadata":{"emulator":{"name":"functions"},"function":{"name":"us-central1-api"},"message":"[runtime-status] [9480] Ephemeral server handling POST request"}}
[info] >  Payment Request Recieved BOOM!!! for this amount >>> 59899 {"user":"Payment Request Recieved BOOM!!! for this amount >>> 59899","metadata":{"emulator":{"name":"functions"},"function":{"name":"us-central1-api"},"message":"\u001b[90m> \u001b[39m Payment Request Recieved BOOM!!! for this amount >>> 59899"}}
[debug] [2022-01-31T21:11:36.596Z] [runtime-status] [9480] Ephemeral server survived. {"metadata":{"emulator":{"name":"functions"},"function":{"name":"us-central1-api"},"message":"[runtime-status] [9480] Ephemeral server survived."}}
[info] i  functions: Finished "us-central1-api" in ~1s {"metadata":{"emulator":{"name":"functions"},"function":{"name":"us-central1-api"},"message":"Finished \"us-central1-api\" in ~1s"}}
[debug] [2022-01-31T21:11:37.021Z] [worker-us-central1-api-4aa4acfa-b037-4be7-b9ff-91637d4270b1]: IDLE {"metadata":{"emulator":{"name":"functions"},"message":"[worker-us-central1-api-4aa4acfa-b037-4be7-b9ff-91637d4270b1]: IDLE"}}
[debug] [2022-01-31T21:11:37.022Z] [work-queue] {"queueLength":0,"workRunningCount":0}
